<?xml version="1.0" encoding="UTF-8"?>
<!-- Generated by org.testng.reporters.JUnitReportReporter -->
<testsuite hostname="Vishal" failures="0" tests="3" name="Tests.SignUpTest" time="38.261" errors="0" timestamp="2025-04-13T11:45:49 IST" skipped="0">
  <testcase classname="Tests.SignUpTest" name="navigateToLoginTest" time="20.161"/>
  <testcase classname="Tests.SignUpTest" name="validSignUpTest" time="11.435"/>
  <testcase classname="Tests.SignUpTest" name="passwordMismatchTest" time="6.665"/>
</testsuite> <!-- Tests.SignUpTest -->
